Sat Jan 31 06:00:01 AM CST 2026: Starting daily monitoring tasks
Generating daily dashboard...
Checking for stale agents...
⚠️ Stale agents detected: null null null null null 
Sending stale agent alert to main session...
error: unknown command 'msg'
Checking for stale heartbeat checks...
Sat Jan 31 06:00:11 AM CST 2026: Daily monitoring tasks completed
Sun Feb  1 06:00:01 AM CST 2026: Starting daily monitoring tasks
Generating daily dashboard...
Checking for stale agents...
⚠️ Stale agents detected: null null null null null 
Sending stale agent alert to main session...
error: unknown command 'msg'
Checking for stale heartbeat checks...
⚠️ Stale heartbeat checks: weather agents blackboard system 
Sun Feb  1 06:00:18 AM CST 2026: Daily monitoring tasks completed
Mon Feb  2 06:00:01 AM CST 2026: Starting daily monitoring tasks
Generating daily dashboard...
Checking for stale agents...
⚠️ Stale agents detected: null null null null null 
Sending stale agent alert to main session...
error: unknown command 'msg'
Checking for stale heartbeat checks...
⚠️ Stale heartbeat checks: weather agents blackboard system 
Mon Feb  2 06:00:21 AM CST 2026: Daily monitoring tasks completed
Tue Feb  3 06:00:01 AM CST 2026: Starting daily monitoring tasks
Generating daily dashboard...
Checking for stale agents...
⚠️ Stale agents detected: null null null null null 
Sending stale agent alert to main session...
error: unknown command 'msg'
Checking for stale heartbeat checks...
⚠️ Stale heartbeat checks: weather agents blackboard system 
Tue Feb  3 06:00:19 AM CST 2026: Daily monitoring tasks completed
Wed Feb  4 06:00:01 AM CST 2026: Starting daily monitoring tasks
Generating daily dashboard...
Checking for stale agents...
⚠️ Stale agents detected: null null null null null 
Sending stale agent alert to main session...
/mnt/ssd/moltbot/clawd/bin/monitoring-cron: line 50: autarkia: command not found
Checking for stale heartbeat checks...
Wed Feb  4 06:00:02 AM CST 2026: Daily monitoring tasks completed
Thu Feb  5 06:00:01 AM CST 2026: Starting daily monitoring tasks
Generating daily dashboard...
Checking for stale agents...
⚠️ Stale agents detected: null null null null null 
Sending stale agent alert to main session...
/mnt/ssd/moltbot/clawd/bin/monitoring-cron: line 50: autarkia: command not found
Checking for stale heartbeat checks...
⚠️ Stale heartbeat checks: agent_health blackboard letta 
Thu Feb  5 06:00:03 AM CST 2026: Daily monitoring tasks completed
Fri Feb  6 06:00:01 AM CST 2026: Starting daily monitoring tasks
Generating daily dashboard...
Checking for stale agents...
⚠️ Stale agents detected: null null null null null 
Checking for stale heartbeat checks...
⚠️ Stale heartbeat checks: agent_health blackboard letta 
Fri Feb  6 06:00:01 AM CST 2026: Daily monitoring tasks completed
Sat Feb  7 06:00:01 AM CST 2026: Starting daily monitoring tasks
Generating daily dashboard...
Checking for stale agents...
⚠️ Stale agents detected: null null null null null 
Checking for stale heartbeat checks...
⚠️ Stale heartbeat checks: agent_health blackboard letta 
Sat Feb  7 06:00:01 AM CST 2026: Daily monitoring tasks completed
Sun Feb  8 06:00:01 AM CST 2026: Starting daily monitoring tasks
Generating daily dashboard...
Checking for stale agents...
⚠️ Stale agents detected: null null null null null 
Checking for stale heartbeat checks...
⚠️ Stale heartbeat checks: agent_health blackboard letta 
Sun Feb  8 06:00:01 AM CST 2026: Daily monitoring tasks completed
Mon Feb  9 06:00:01 AM CST 2026: Starting daily monitoring tasks
Generating daily dashboard...
Checking for stale agents...
⚠️ Stale agents detected: syn 
Checking for stale heartbeat checks...
⚠️ Stale heartbeat checks: agent_health blackboard letta 
Mon Feb  9 06:00:02 AM CST 2026: Daily monitoring tasks completed
