[2026-02-04 15:00:04] === WorkDrive Sync Starting ===
[2026-02-04 15:00:04] (DRY RUN MODE)
[2026-02-04 15:00:04] Syncing 05-Audits...
[2026-02-04 15:00:05]   UPDATED from remote: zoho-books-audit-2026-02-04.md
[2026-02-04 15:00:05]   [DRY-RUN] Would download: /mnt/ssd/moltbot/demiurge/audits/zoho-books-audit-2026-02-04.md
[2026-02-04 15:00:05]   UPDATED from remote: workdrive-audit-2026-02-04.md
[2026-02-04 15:00:05]   [DRY-RUN] Would download: /mnt/ssd/moltbot/demiurge/audits/workdrive-audit-2026-02-04.md
[2026-02-04 15:00:06] Syncing 01-Legal...
[2026-02-04 15:00:06]   UPDATED from remote: formation-document.pdf
[2026-02-04 15:00:06]   [DRY-RUN] Would download: /mnt/ssd/moltbot/demiurge/documents/ardent-llc/formation-document.pdf
[2026-02-04 15:00:06]   UPDATED from remote: operating-agreement.pdf
[2026-02-04 15:00:06]   [DRY-RUN] Would download: /mnt/ssd/moltbot/demiurge/documents/ardent-llc/operating-agreement.pdf
[2026-02-04 15:00:06]   UPDATED from remote: 02-03-26 - TX - Formation Document - Ardent Leatherworks LLC.pdf
[2026-02-04 15:00:06]   [DRY-RUN] Would download: /mnt/ssd/moltbot/demiurge/documents/ardent-llc/02-03-26 - TX - Formation Document - Ardent Leatherworks LLC.pdf
[2026-02-04 15:00:06]   UPDATED from remote: CP_575_G.pdf
[2026-02-04 15:00:06]   [DRY-RUN] Would download: /mnt/ssd/moltbot/demiurge/documents/ardent-llc/CP_575_G.pdf
[2026-02-04 15:00:06]   UPDATED from remote: operating-agreement-northwest.pdf
[2026-02-04 15:00:06]   [DRY-RUN] Would download: /mnt/ssd/moltbot/demiurge/documents/ardent-llc/operating-agreement-northwest.pdf
[2026-02-04 15:00:07] Syncing 02-Financial...
[2026-02-04 15:00:09]   UPDATED from remote: Relay 2025-09-01 #0526.csv
[2026-02-04 15:00:09]   [DRY-RUN] Would download: /mnt/ssd/moltbot/demiurge/documents/relay-exports/Relay 2025-09-01 #0526.csv
[2026-02-04 15:00:09]   UPDATED from remote: Relay 2025-12-01 #0526.csv
[2026-02-04 15:00:09]   [DRY-RUN] Would download: /mnt/ssd/moltbot/demiurge/documents/relay-exports/Relay 2025-12-01 #0526.csv
[2026-02-04 15:00:09]   UPDATED from remote: relay-statements-02-03-04-05-06-07-08-09-10-11-12-01-02.zip
[2026-02-04 15:00:09]   [DRY-RUN] Would download: /mnt/ssd/moltbot/demiurge/documents/relay-exports/relay-statements-02-03-04-05-06-07-08-09-10-11-12-01-02.zip
[2026-02-04 15:00:09]   UPDATED from remote: Relay 2025-06-01 #0526.csv
[2026-02-04 15:00:09]   [DRY-RUN] Would download: /mnt/ssd/moltbot/demiurge/documents/relay-exports/Relay 2025-06-01 #0526.csv
[2026-02-04 15:00:09]   UPDATED from remote: Relay (Partial) 2026-02-01 #0526.csv
[2026-02-04 15:00:09]   [DRY-RUN] Would download: /mnt/ssd/moltbot/demiurge/documents/relay-exports/Relay (Partial) 2026-02-01 #0526.csv
[2026-02-04 15:00:09]   UPDATED from remote: Relay 2025-07-01 #0526.csv
[2026-02-05 00:00:01] === WorkDrive Sync Starting ===
[2026-02-05 00:00:01] === WorkDrive Sync Starting ===
[2026-02-05 00:00:01] Syncing 04-Knowledge/techniques...
[2026-02-05 00:00:01] Syncing 04-Knowledge/techniques...
[2026-02-05 00:00:03]   ↓ edge-finishing-science.md
[2026-02-05 00:00:03]   ↓ edge-finishing-science.md
[2026-02-05 00:00:03]   ↓ belt-construction.md
[2026-02-05 00:00:03]   ↓ belt-construction.md
[2026-02-05 00:00:04] Syncing 02-Financial/2025...
[2026-02-05 00:00:04] Syncing 02-Financial/2025...
[2026-02-05 00:00:05]   ↓ Relay 2025-09-01 #0526.csv
[2026-02-05 00:00:05]   ↓ Relay 2025-09-01 #0526.csv
[2026-02-05 00:00:05]   ↓ Relay 2025-12-01 #0526.csv
[2026-02-05 00:00:05]   ↓ Relay 2025-12-01 #0526.csv
[2026-02-05 00:00:06]   ↓ Relay 2025-06-01 #0526.csv
[2026-02-05 00:00:06]   ↓ Relay 2025-06-01 #0526.csv
[2026-02-05 00:00:06]   ↓ Relay 2025-07-01 #0526.csv
[2026-02-05 00:00:06]   ↓ Relay 2025-07-01 #0526.csv
[2026-02-05 00:00:07]   ↓ Relay 2025-02-01 #0526.csv
[2026-02-05 00:00:07]   ↓ Relay 2025-02-01 #0526.csv
[2026-02-05 00:00:07]   ↓ Relay 2025-11-01 #0526.csv
[2026-02-05 00:00:07]   ↓ Relay 2025-11-01 #0526.csv
[2026-02-05 00:00:08]   ↓ Relay 2025-03-01 #0526.csv
[2026-02-05 00:00:08]   ↓ Relay 2025-03-01 #0526.csv
[2026-02-05 00:00:08]   ↓ Relay 2025-05-01 #0526.csv
[2026-02-05 00:00:08]   ↓ Relay 2025-05-01 #0526.csv
[2026-02-05 00:00:09]   ↓ Relay 2025-04-01 #0526.csv
[2026-02-05 00:00:09]   ↓ Relay 2025-04-01 #0526.csv
[2026-02-05 00:00:09]   ↓ Relay 2025-08-01 #0526.csv
[2026-02-05 00:00:09]   ↓ Relay 2025-08-01 #0526.csv
[2026-02-05 00:00:10]   ↓ Relay 2025-10-01 #0526.csv
[2026-02-05 00:00:10]   ↓ Relay 2025-10-01 #0526.csv
[2026-02-05 00:00:10] Syncing 02-Financial/2026...
[2026-02-05 00:00:10] Syncing 02-Financial/2026...
[2026-02-05 00:00:12]   ↓ Relay (Partial) 2026-02-01 #0526.csv
[2026-02-05 00:00:12]   ↓ Relay (Partial) 2026-02-01 #0526.csv
[2026-02-05 00:00:12]   ↓ Relay 2026-01-01 #0526.csv
[2026-02-05 00:00:12]   ↓ Relay 2026-01-01 #0526.csv
[2026-02-05 00:00:13] Syncing 04-Knowledge/materials...
[2026-02-05 00:00:13] Syncing 04-Knowledge/materials...
[2026-02-05 00:00:14]   ↓ thread-stitching-mechanics.md
[2026-02-05 00:00:14]   ↓ thread-stitching-mechanics.md
[2026-02-05 00:00:15]   ↓ HARDWARE_SOURCES.md
[2026-02-05 00:00:15]   ↓ HARDWARE_SOURCES.md
[2026-02-05 00:00:15]   ↓ EDGE_FINISHING.md
[2026-02-05 00:00:15]   ↓ EDGE_FINISHING.md
[2026-02-05 00:00:16]   ↓ ABBEY-ENGLAND.md
[2026-02-05 00:00:16]   ↓ ABBEY-ENGLAND.md
[2026-02-05 00:00:16]   ↓ MATERIALS_SUMMARY.md
[2026-02-05 00:00:16]   ↓ MATERIALS_SUMMARY.md
[2026-02-05 00:00:16]   ↓ THREAD_OPTIONS.md
[2026-02-05 00:00:16]   ↓ THREAD_OPTIONS.md
[2026-02-05 00:00:17]   ↓ README.md
[2026-02-05 00:00:17]   ↓ README.md
[2026-02-05 00:00:18]   ↓ SUPPLIER_COMPARISONS.md
[2026-02-05 00:00:18]   ↓ SUPPLIER_COMPARISONS.md
[2026-02-05 00:00:18]   ↓ DYE_INFORMATION.md
[2026-02-05 00:00:18]   ↓ DYE_INFORMATION.md
[2026-02-05 00:00:19]   ↓ LEATHER_SOURCES.md
[2026-02-05 00:00:19]   ↓ LEATHER_SOURCES.md
[2026-02-05 00:00:19]   ↓ tanning-science.md
[2026-02-05 00:00:19]   ↓ tanning-science.md
[2026-02-05 00:00:20] Syncing 03-Brand...
[2026-02-05 00:00:20] Syncing 03-Brand...
[2026-02-05 00:00:21]   ↓ RECIPES.md
[2026-02-05 00:00:21]   ↓ RECIPES.md
[2026-02-05 00:00:21]   ↓ OPERATIONS.md
[2026-02-05 00:00:21]   ↓ OPERATIONS.md
[2026-02-05 00:00:22]   ↓ README.md
[2026-02-05 00:00:22]   ↓ README.md
[2026-02-05 00:00:22]   ↓ PRODUCTS.md
[2026-02-05 00:00:22]   ↓ PRODUCTS.md
[2026-02-05 00:00:23]   ↓ BRAND.md
[2026-02-05 00:00:23]   ↓ BRAND.md
[2026-02-05 00:00:23] Syncing 01-Legal/formation...
[2026-02-05 00:00:23] Syncing 01-Legal/formation...
[2026-02-05 00:00:24]   ↓ 02-03-26 - TX - Formation Document - Ardent Leatherworks LLC.pdf
[2026-02-05 00:00:24]   ↓ 02-03-26 - TX - Formation Document - Ardent Leatherworks LLC.pdf
[2026-02-05 00:00:25] Syncing 04-Knowledge/business...
[2026-02-05 00:00:25] Syncing 04-Knowledge/business...
[2026-02-05 00:00:26]   ↓ LAUNCH-STRATEGY.md
[2026-02-05 00:00:26]   ↓ LAUNCH-STRATEGY.md
[2026-02-05 00:00:26]   ↓ Ardent-90Day-Content-Calendar.md
[2026-02-05 00:00:26]   ↓ Ardent-90Day-Content-Calendar.md
[2026-02-05 00:00:27]   ↓ registered-agent-research.md
[2026-02-05 00:00:27]   ↓ registered-agent-research.md
[2026-02-05 00:00:27] Syncing 04-Knowledge/care...
[2026-02-05 00:00:27] Syncing 04-Knowledge/care...
[2026-02-05 00:00:28]   ↓ customer-care-guide.md
[2026-02-05 00:00:28]   ↓ customer-care-guide.md
[2026-02-05 00:00:29] Syncing 04-Knowledge/products...
[2026-02-05 00:00:29] Syncing 04-Knowledge/products...
[2026-02-05 00:00:30]   ↓ belt-specification-changes.md
[2026-02-05 00:00:30]   ↓ belt-specification-changes.md
[2026-02-05 00:00:30]   ↓ belt-development-summary.md
[2026-02-05 00:00:30]   ↓ belt-development-summary.md
[2026-02-05 00:00:31]   ↓ belt-specifications-comprehensive.md
[2026-02-05 00:00:31]   ↓ belt-specifications-comprehensive.md
[2026-02-05 00:00:31]   ↓ belt-quick-reference.md
[2026-02-05 00:00:31]   ↓ belt-quick-reference.md
[2026-02-05 00:00:32] Syncing 01-Legal/tax...
[2026-02-05 00:00:32] Syncing 01-Legal/tax...
[2026-02-05 00:00:33]   ↓ CP_575_G.pdf
[2026-02-05 00:00:33]   ↓ CP_575_G.pdf
[2026-02-05 00:00:33] Syncing 02-Financial/archive...
[2026-02-05 00:00:33] Syncing 02-Financial/archive...
[2026-02-05 00:00:34]   ↓ relay-statements-02-03-04-05-06-07-08-09-10-11-12-01-02.zip
[2026-02-05 00:00:34]   ↓ relay-statements-02-03-04-05-06-07-08-09-10-11-12-01-02.zip
[2026-02-05 00:00:35] Syncing 04-Knowledge/market...
[2026-02-05 00:00:35] Syncing 04-Knowledge/market...
[2026-02-05 00:00:36]   ↓ booth-setup.md
[2026-02-05 00:00:36]   ↓ booth-setup.md
[2026-02-05 00:00:36]   ↓ sales-channels-2025.md
[2026-02-05 00:00:36]   ↓ sales-channels-2025.md
[2026-02-05 00:00:37]   ↓ failure-patterns.md
[2026-02-05 00:00:37]   ↓ failure-patterns.md
[2026-02-05 00:00:37]   ↓ pricing-strategy.md
[2026-02-05 00:00:37]   ↓ pricing-strategy.md
[2026-02-05 00:00:38]   ↓ belt-market-analysis.md
[2026-02-05 00:00:38]   ↓ belt-market-analysis.md
[2026-02-05 00:00:38]   ↓ success-stories.md
[2026-02-05 00:00:38]   ↓ success-stories.md
[2026-02-05 00:00:39]   ↓ customer-acquisition.md
[2026-02-05 00:00:39]   ↓ customer-acquisition.md
[2026-02-05 00:00:39] Syncing 01-Legal/agreements...
[2026-02-05 00:00:39] Syncing 01-Legal/agreements...
[2026-02-05 00:00:41]   ↓ operating-agreement.pdf
[2026-02-05 00:00:41]   ↓ operating-agreement.pdf
[2026-02-05 00:00:42] === WorkDrive Sync Complete ===
[2026-02-05 00:00:42] === WorkDrive Sync Complete ===
